<?xml version="1.0" encoding="UTF-8"?>
<testng-results skipped="0" failed="0" ignored="0" total="1" passed="1">
  <reporter-output>
  </reporter-output>
  <suite name="Default suite" duration-ms="2471" started-at="2022-10-17T21:35:11Z" finished-at="2022-10-17T21:35:13Z">
    <groups>
    </groups>
    <test name="Default test" duration-ms="2471" started-at="2022-10-17T21:35:11Z" finished-at="2022-10-17T21:35:13Z">
      <class name="testCases.ReadOneProduct">
        <test-method status="PASS" signature="readOneProduct()[pri:0, instance:testCases.ReadOneProduct@1ffe63b9]" name="readOneProduct" duration-ms="2440" started-at="2022-10-17T21:35:11Z" finished-at="2022-10-17T21:35:13Z">
          <reporter-output>
          </reporter-output>
        </test-method> <!-- readOneProduct -->
      </class> <!-- testCases.ReadOneProduct -->
    </test> <!-- Default test -->
  </suite> <!-- Default suite -->
</testng-results>
